<?xml version="1.0" encoding="utf-8"?>
<TestRun id="e4ce89f8-dd06-449f-b38d-b316ab413cba" name="@fv-az255-74 2024-01-26 22:49:36" xmlns="http://microsoft.com/schemas/VisualStudio/TeamTest/2010">
  <Times creation="2024-01-26T22:49:36.2732639+00:00" queuing="2024-01-26T22:49:36.2732640+00:00" start="2024-01-26T22:49:30.6734753+00:00" finish="2024-01-26T22:49:36.2738903+00:00" />
  <TestSettings name="default" id="063697a0-3fd8-4a13-9f6e-cc802e710baf">
    <Deployment runDeploymentRoot="_fv-az255-74_2024-01-26_22_49_36" />
  </TestSettings>
  <TestLists>
    <TestList name="Results Not in a List" id="8c84fa94-04c1-424b-9868-57a2d4851a1d" />
    <TestList name="All Loaded Results" id="19431567-8539-422a-85d7-44ee4e166bda" />
  </TestLists>
  <ResultSummary outcome="Completed">
    <Counters total="0" executed="0" passed="0" failed="0" error="0" timeout="0" aborted="0" inconclusive="0" passedButRunAborted="0" notRunnable="0" notExecuted="0" disconnected="0" warning="0" completed="0" inProgress="0" pending="0" />
    <Output>
      <StdOut>NUnit Adapter 4.5.0.0: Test execution started
Running selected tests in /home/runner/work/BackupDotnetConsole/BackupDotnetConsole/Backup.Ui.Csl.Test/bin/Debug/net7.0/Backup.Ui.Csl.Test.dll
   NUnit3TestExecutor discovered 0 of 0 NUnit test cases using Current Discovery mode, Explicit run
NUnit Adapter 4.5.0.0: Test execution complete
</StdOut>
    </Output>
    <RunInfos>
      <RunInfo computerName="fv-az255-74" outcome="Warning" timestamp="2024-01-26T22:49:35.4664359+00:00">
        <Text>No test matches the given testcase filter `TestCategory!~sample` in /home/runner/work/BackupDotnetConsole/BackupDotnetConsole/Backup.Ui.Csl.Test/bin/Debug/net7.0/Backup.Ui.Csl.Test.dll</Text>
      </RunInfo>
    </RunInfos>
    <CollectorDataEntries>
      <Collector agentName="fv-az255-74" uri="datacollector://microsoft/CoverletCodeCoverage/1.0" collectorDisplayName="XPlat code coverage">
        <UriAttachments>
          <UriAttachment>
            <A href="fv-az255-74/coverage.cobertura.xml"></A>
          </UriAttachment>
        </UriAttachments>
      </Collector>
    </CollectorDataEntries>
  </ResultSummary>
</TestRun>